<?xml version="1.0" encoding="UTF-8"?>
<!-- Generated by org.testng.reporters.JUnitXMLReporter -->
<testsuite hostname="GBTC02S65PJG8WN" ignored="1" name="Command line test" tests="6" failures="0" timestamp="2020-11-04T14:31:08 EST" time="165.074" errors="0">
  <testcase name="@BeforeMethod Set_Up" time="35.951" classname="GUI_Testing.Students_Component_Test">
    <failure type="org.openqa.selenium.TimeoutException" message="timeout: Timed out receiving message from renderer: 30.000
  (Session info: headless chrome=86.0.4240.183)
Build info: version: &amp;apos;3.141.59&amp;apos;, revision: &amp;apos;e82be7d358&amp;apos;, time: &amp;apos;2018-11-14T08:17:03&amp;apos;
System info: host: &amp;apos;GBTC02S65PJG8WN&amp;apos;, ip: &amp;apos;2600:380:1857:7652:8502:3225:49d5:85ad%en0&amp;apos;, os.name: &amp;apos;Mac OS X&amp;apos;, os.arch: &amp;apos;x86_64&amp;apos;, os.version: &amp;apos;10.14.6&amp;apos;, java.version: &amp;apos;1.8.0_241&amp;apos;
Driver info: org.openqa.selenium.chrome.ChromeDriver
Capabilities {acceptInsecureCerts: false, browserName: chrome, browserVersion: 86.0.4240.183, chrome: {chromedriverVersion: 85.0.4183.87 (cd6713ebf92fa..., userDataDir: /var/folders/fr/wfjdh2jj4sb...}, goog:chromeOptions: {debuggerAddress: localhost:51569}, javascriptEnabled: true, networkConnectionEnabled: false, pageLoadStrategy: normal, platform: MAC, platformName: MAC, proxy: Proxy(), setWindowRect: true, strictFileInteractability: false, timeouts: {implicit: 0, pageLoad: 300000, script: 30000}, unhandledPromptBehavior: dismiss and notify, webauthn:virtualAuthenticators: true}
Session ID: 3092a449a2cc9f504dcdc1bd5b2c2f20">
      <![CDATA[org.openqa.selenium.TimeoutException: timeout: Timed out receiving message from renderer: 30.000
  (Session info: headless chrome=86.0.4240.183)
Build info: version: '3.141.59', revision: 'e82be7d358', time: '2018-11-14T08:17:03'
System info: host: 'GBTC02S65PJG8WN', ip: '2600:380:1857:7652:8502:3225:49d5:85ad%en0', os.name: 'Mac OS X', os.arch: 'x86_64', os.version: '10.14.6', java.version: '1.8.0_241'
Driver info: org.openqa.selenium.chrome.ChromeDriver
Capabilities {acceptInsecureCerts: false, browserName: chrome, browserVersion: 86.0.4240.183, chrome: {chromedriverVersion: 85.0.4183.87 (cd6713ebf92fa..., userDataDir: /var/folders/fr/wfjdh2jj4sb...}, goog:chromeOptions: {debuggerAddress: localhost:51569}, javascriptEnabled: true, networkConnectionEnabled: false, pageLoadStrategy: normal, platform: MAC, platformName: MAC, proxy: Proxy(), setWindowRect: true, strictFileInteractability: false, timeouts: {implicit: 0, pageLoad: 300000, script: 30000}, unhandledPromptBehavior: dismiss and notify, webauthn:virtualAuthenticators: true}
Session ID: 3092a449a2cc9f504dcdc1bd5b2c2f20
at org.openqa.selenium.remote.http.W3CHttpResponseCodec.createException(W3CHttpResponseCodec.java:187)
at org.openqa.selenium.remote.http.W3CHttpResponseCodec.decode(W3CHttpResponseCodec.java:122)
at org.openqa.selenium.remote.http.W3CHttpResponseCodec.decode(W3CHttpResponseCodec.java:49)
at org.openqa.selenium.remote.HttpCommandExecutor.execute(HttpCommandExecutor.java:158)
at org.openqa.selenium.remote.service.DriverCommandExecutor.execute(DriverCommandExecutor.java:83)
at org.openqa.selenium.remote.RemoteWebDriver.execute(RemoteWebDriver.java:552)
at org.openqa.selenium.remote.RemoteWebElement.execute(RemoteWebElement.java:285)
at org.openqa.selenium.remote.RemoteWebElement.click(RemoteWebElement.java:84)
at org.openqa.selenium.support.pagefactory.internal.LocatingElementHandler.invoke(LocatingElementHandler.java:51)
at com.sun.proxy.$Proxy9.click(Unknown Source)
at PageElements.loginPage_elements.send_UserName(loginPage_elements.java:34)
at GUI_Testing.Students_Component_Test.Set_Up(Students_Component_Test.java:18)
at java.util.ArrayList.forEach(ArrayList.java:1257)
... Removed 49 stack frames]]>
    </failure>
  </testcase> <!-- @BeforeMethod Set_Up -->
  <testcase name="@AfterMethod Tear_Down" time="-1.604518228001E9" classname="GUI_Testing.Students_Component_Test">
    <skipped/>
  </testcase> <!-- @AfterMethod Tear_Down -->
  <testcase name="Teacher_Component_Testing" time="81.975" classname="GUI_Testing.Teacher_Component_Test"/>
  <testcase name="Students_Componen_Testing" time="0.0" classname="GUI_Testing.Students_Component_Test">
    <skipped/>
  </testcase> <!-- Students_Componen_Testing -->
  <testcase name="LogInPage_Test" time="28.309" classname="GUI_Testing.Login_Page_Test"/>
  <testcase name="open_the_door" time="0.0" classname="TestNG_Concept_Testing.Priority_Test"/>
  <testcase name="close_the_door" time="0.0" classname="TestNG_Concept_Testing.Priority_Test"/>
  <testcase name="seat_on_chair" time="0.0" classname="TestNG_Concept_Testing.Priority_Test"/>
  <testcase name="Read_Data_Test" time="0.0" classname="TestNG_Concept_Testing.Data_Provider_Test">
    <ignored/>
  </testcase> <!-- Read_Data_Test -->
</testsuite> <!-- Command line test -->
